<?xml version="1.0" encoding="UTF-8"?>
<!-- Generated by org.testng.reporters.JUnitReportReporter -->
<testsuite hostname="DESKTOP-3NRNP42" failures="0" tests="1" name="com.TestRunner.testRunnertestng" time="18.148" errors="0" timestamp="2022-04-29T20:37:11 IST" skipped="0">
  <testcase classname="com.TestRunner.testRunnertestng" name="runScenario" time="18.148"/>
  <system-out/>
</testsuite> <!-- com.TestRunner.testRunnertestng -->
